{"level":"info","message":"Server running on port 5000 in development mode","service":"stock-analysis-backend","timestamp":"2025-07-27T14:51:05.029Z"}
{"cause":{"commonWireVersion":0,"compatible":true,"heartbeatFrequencyMS":10000,"localThresholdMS":15,"logicalSessionTimeoutMinutes":null,"maxElectionId":null,"maxSetVersion":null,"servers":{"localhost:27017":{"$clusterTime":null,"address":"localhost:27017","arbiters":[],"electionId":null,"error":{"beforeHandshake":false,"errorLabelSet":{}},"hosts":[],"iscryptd":false,"lastUpdateTime":6570524,"lastWriteDate":0,"logicalSessionTimeoutMinutes":null,"maxBsonObjectSize":null,"maxMessageSizeBytes":null,"maxWireVersion":0,"maxWriteBatchSize":null,"me":null,"minRoundTripTime":0,"minWireVersion":0,"passives":[],"primary":null,"roundTripTime":-1,"setName":null,"setVersion":null,"tags":{},"topologyVersion":null,"type":"Unknown"}},"setName":null,"stale":false,"type":"Unknown"},"errorLabelSet":{},"level":"error","message":"MongoDB connection error: connect ECONNREFUSED ::1:27017, connect ECONNREFUSED 127.0.0.1:27017","reason":{"commonWireVersion":0,"compatible":true,"heartbeatFrequencyMS":10000,"localThresholdMS":15,"logicalSessionTimeoutMinutes":null,"maxElectionId":null,"maxSetVersion":null,"servers":{"localhost:27017":{"$clusterTime":null,"address":"localhost:27017","arbiters":[],"electionId":null,"error":{"beforeHandshake":false,"errorLabelSet":{}},"hosts":[],"iscryptd":false,"lastUpdateTime":6570524,"lastWriteDate":0,"logicalSessionTimeoutMinutes":null,"maxBsonObjectSize":null,"maxMessageSizeBytes":null,"maxWireVersion":0,"maxWriteBatchSize":null,"me":null,"minRoundTripTime":0,"minWireVersion":0,"passives":[],"primary":null,"roundTripTime":-1,"setName":null,"setVersion":null,"tags":{},"topologyVersion":null,"type":"Unknown"}},"setName":null,"stale":false,"type":"Unknown"},"service":"stock-analysis-backend","stack":"MongooseServerSelectionError: connect ECONNREFUSED ::1:27017, connect ECONNREFUSED 127.0.0.1:27017\n    at _handleConnectionErrors (/workspace/backend/node_modules/mongoose/lib/connection.js:1165:11)\n    at NativeConnection.openUri (/workspace/backend/node_modules/mongoose/lib/connection.js:1096:11)","timestamp":"2025-07-27T14:51:35.028Z"}
{"level":"warn","message":"API keys not properly configured. Some features may not work correctly.","service":"stock-analysis-backend","timestamp":"2025-07-27T14:54:20.991Z"}
{"level":"warn","message":"Please get API keys from:","service":"stock-analysis-backend","timestamp":"2025-07-27T14:54:20.993Z"}
{"level":"warn","message":"- Alpha Vantage: https://www.alphavantage.co/support/#api-key","service":"stock-analysis-backend","timestamp":"2025-07-27T14:54:20.993Z"}
{"level":"warn","message":"- Finnhub: https://finnhub.io/register","service":"stock-analysis-backend","timestamp":"2025-07-27T14:54:20.993Z"}
{"level":"info","message":"Server running on port 5000 in development mode","service":"stock-analysis-backend","timestamp":"2025-07-27T14:54:21.065Z"}
{"level":"warn","message":"⚠️  Running without database - some features may be limited","service":"stock-analysis-backend","timestamp":"2025-07-27T14:54:21.065Z"}
{"level":"warn","message":"⚠️  Using demo API keys - please configure real API keys for full functionality","service":"stock-analysis-backend","timestamp":"2025-07-27T14:54:21.065Z"}
{"level":"info","message":"GET /api/health - ::1","service":"stock-analysis-backend","timestamp":"2025-07-27T14:54:27.923Z"}
{"level":"info","message":"GET /api/stocks/AAPL - ::1","service":"stock-analysis-backend","timestamp":"2025-07-27T14:54:32.356Z"}
{"level":"warn","message":"Using mock data for AAPL - invalid or demo Finnhub API key","service":"stock-analysis-backend","timestamp":"2025-07-27T14:54:32.357Z"}
{"level":"warn","message":"Using mock historical data for AAPL - invalid or demo Alpha Vantage API key","service":"stock-analysis-backend","timestamp":"2025-07-27T14:54:32.358Z"}
{"level":"info","message":"GET /api/stocks/trending - ::1","service":"stock-analysis-backend","timestamp":"2025-07-27T14:54:41.211Z"}
{"level":"warn","message":"Using mock data for GOOGL - invalid or demo Finnhub API key","service":"stock-analysis-backend","timestamp":"2025-07-27T14:54:41.212Z"}
{"level":"warn","message":"Using mock historical data for GOOGL - invalid or demo Alpha Vantage API key","service":"stock-analysis-backend","timestamp":"2025-07-27T14:54:41.212Z"}
{"level":"warn","message":"Using mock data for MSFT - invalid or demo Finnhub API key","service":"stock-analysis-backend","timestamp":"2025-07-27T14:54:41.212Z"}
{"level":"warn","message":"Using mock historical data for MSFT - invalid or demo Alpha Vantage API key","service":"stock-analysis-backend","timestamp":"2025-07-27T14:54:41.212Z"}
{"level":"warn","message":"Using mock data for AMZN - invalid or demo Finnhub API key","service":"stock-analysis-backend","timestamp":"2025-07-27T14:54:41.212Z"}
{"level":"warn","message":"Using mock historical data for AMZN - invalid or demo Alpha Vantage API key","service":"stock-analysis-backend","timestamp":"2025-07-27T14:54:41.212Z"}
{"level":"warn","message":"Using mock data for TSLA - invalid or demo Finnhub API key","service":"stock-analysis-backend","timestamp":"2025-07-27T14:54:41.212Z"}
{"level":"warn","message":"Using mock historical data for TSLA - invalid or demo Alpha Vantage API key","service":"stock-analysis-backend","timestamp":"2025-07-27T14:54:41.212Z"}
{"level":"warn","message":"Using mock data for META - invalid or demo Finnhub API key","service":"stock-analysis-backend","timestamp":"2025-07-27T14:54:41.212Z"}
{"level":"warn","message":"Using mock historical data for META - invalid or demo Alpha Vantage API key","service":"stock-analysis-backend","timestamp":"2025-07-27T14:54:41.212Z"}
{"level":"warn","message":"Using mock data for NVDA - invalid or demo Finnhub API key","service":"stock-analysis-backend","timestamp":"2025-07-27T14:54:41.213Z"}
{"level":"warn","message":"Using mock historical data for NVDA - invalid or demo Alpha Vantage API key","service":"stock-analysis-backend","timestamp":"2025-07-27T14:54:41.213Z"}
{"level":"warn","message":"Using mock data for NFLX - invalid or demo Finnhub API key","service":"stock-analysis-backend","timestamp":"2025-07-27T14:54:41.213Z"}
{"level":"warn","message":"Using mock historical data for NFLX - invalid or demo Alpha Vantage API key","service":"stock-analysis-backend","timestamp":"2025-07-27T14:54:41.213Z"}
{"level":"warn","message":"Using mock data for AMD - invalid or demo Finnhub API key","service":"stock-analysis-backend","timestamp":"2025-07-27T14:54:41.213Z"}
{"level":"warn","message":"Using mock historical data for AMD - invalid or demo Alpha Vantage API key","service":"stock-analysis-backend","timestamp":"2025-07-27T14:54:41.213Z"}
{"level":"warn","message":"Using mock data for PYPL - invalid or demo Finnhub API key","service":"stock-analysis-backend","timestamp":"2025-07-27T14:54:41.213Z"}
{"level":"warn","message":"Using mock historical data for PYPL - invalid or demo Alpha Vantage API key","service":"stock-analysis-backend","timestamp":"2025-07-27T14:54:41.213Z"}
{"level":"info","message":"GET / - ::1","service":"stock-analysis-backend","timestamp":"2025-07-27T14:54:42.232Z"}
{"level":"warn","message":"MongoDB connection failed:","service":"stock-analysis-backend","timestamp":"2025-07-27T14:54:51.063Z"}
{"level":"warn","message":"Running in fallback mode without database persistence","service":"stock-analysis-backend","timestamp":"2025-07-27T14:54:51.064Z"}
{"level":"warn","message":"Data will be stored in memory only","service":"stock-analysis-backend","timestamp":"2025-07-27T14:54:51.064Z"}
{"level":"info","message":"To fix this issue:","service":"stock-analysis-backend","timestamp":"2025-07-27T14:54:51.064Z"}
{"level":"info","message":"1. Install MongoDB: sudo apt-get install mongodb-org","service":"stock-analysis-backend","timestamp":"2025-07-27T14:54:51.064Z"}
{"level":"info","message":"2. Start MongoDB: sudo systemctl start mongod","service":"stock-analysis-backend","timestamp":"2025-07-27T14:54:51.064Z"}
{"level":"info","message":"3. Or use a cloud MongoDB service like MongoDB Atlas","service":"stock-analysis-backend","timestamp":"2025-07-27T14:54:51.064Z"}
{"level":"info","message":"GET /api/stocks/GOOGL - ::1","service":"stock-analysis-backend","timestamp":"2025-07-27T14:55:15.120Z"}
{"level":"info","message":"SIGTERM received. Shutting down gracefully...","service":"stock-analysis-backend","timestamp":"2025-07-27T15:13:05.989Z"}
{"level":"warn","message":"API keys not properly configured. Some features may not work correctly.","service":"stock-analysis-backend","timestamp":"2025-07-27T15:13:06.297Z"}
{"level":"warn","message":"Please get API keys from:","service":"stock-analysis-backend","timestamp":"2025-07-27T15:13:06.299Z"}
{"level":"warn","message":"- Alpha Vantage: https://www.alphavantage.co/support/#api-key","service":"stock-analysis-backend","timestamp":"2025-07-27T15:13:06.299Z"}
{"level":"warn","message":"- Finnhub: https://finnhub.io/register","service":"stock-analysis-backend","timestamp":"2025-07-27T15:13:06.299Z"}
{"level":"info","message":"Server running on port 5000 in development mode","service":"stock-analysis-backend","timestamp":"2025-07-27T15:13:06.381Z"}
{"level":"warn","message":"⚠️  Running without database - some features may be limited","service":"stock-analysis-backend","timestamp":"2025-07-27T15:13:06.381Z"}
{"level":"warn","message":"⚠️  Using demo API keys - please configure real API keys for full functionality","service":"stock-analysis-backend","timestamp":"2025-07-27T15:13:06.381Z"}
{"level":"info","message":"GET /api/health - ::1","service":"stock-analysis-backend","timestamp":"2025-07-27T15:13:13.500Z"}
{"level":"info","message":"GET /api/health - ::1","service":"stock-analysis-backend","timestamp":"2025-07-27T15:13:18.414Z"}
{"level":"info","message":"GET /api/stocks/AAPL - ::1","service":"stock-analysis-backend","timestamp":"2025-07-27T15:13:23.515Z"}
{"level":"info","message":"Using mock data for AAPL - demo API key detected","service":"stock-analysis-backend","timestamp":"2025-07-27T15:13:23.517Z"}
{"level":"info","message":"Using mock profile for AAPL - demo API key detected","service":"stock-analysis-backend","timestamp":"2025-07-27T15:13:23.517Z"}
{"level":"info","message":"Using mock historical data for AAPL - demo API key detected","service":"stock-analysis-backend","timestamp":"2025-07-27T15:13:23.517Z"}
{"level":"info","message":"GET /favicon.ico - ::1","service":"stock-analysis-backend","timestamp":"2025-07-27T15:13:28.711Z"}
{"level":"warn","message":"MongoDB connection failed:","service":"stock-analysis-backend","timestamp":"2025-07-27T15:13:36.380Z"}
{"level":"warn","message":"Running in fallback mode without database persistence","service":"stock-analysis-backend","timestamp":"2025-07-27T15:13:36.380Z"}
{"level":"warn","message":"Data will be stored in memory only","service":"stock-analysis-backend","timestamp":"2025-07-27T15:13:36.380Z"}
{"level":"info","message":"To fix this issue:","service":"stock-analysis-backend","timestamp":"2025-07-27T15:13:36.380Z"}
{"level":"info","message":"1. Install MongoDB: sudo apt-get install mongodb-org","service":"stock-analysis-backend","timestamp":"2025-07-27T15:13:36.380Z"}
{"level":"info","message":"2. Start MongoDB: sudo systemctl start mongod","service":"stock-analysis-backend","timestamp":"2025-07-27T15:13:36.381Z"}
{"level":"info","message":"3. Or use a cloud MongoDB service like MongoDB Atlas","service":"stock-analysis-backend","timestamp":"2025-07-27T15:13:36.381Z"}
{"level":"info","message":"GET /api/stocks/AAPL - ::1","service":"stock-analysis-backend","timestamp":"2025-07-27T15:14:08.530Z"}
{"level":"info","message":"GET /favicon.ico - ::1","service":"stock-analysis-backend","timestamp":"2025-07-27T15:14:08.537Z"}
{"level":"info","message":"GET /api/health - ::1","service":"stock-analysis-backend","timestamp":"2025-07-27T15:14:08.544Z"}
{"level":"info","message":"SIGTERM received. Shutting down gracefully...","service":"stock-analysis-backend","timestamp":"2025-07-27T15:30:51.197Z"}
{"level":"warn","message":"API keys not properly configured. Some features may not work correctly.","service":"stock-analysis-backend","timestamp":"2025-07-27T15:30:51.504Z"}
{"level":"warn","message":"Please get API keys from:","service":"stock-analysis-backend","timestamp":"2025-07-27T15:30:51.506Z"}
{"level":"warn","message":"- Alpha Vantage: https://www.alphavantage.co/support/#api-key","service":"stock-analysis-backend","timestamp":"2025-07-27T15:30:51.506Z"}
{"level":"warn","message":"- Finnhub: https://finnhub.io/register","service":"stock-analysis-backend","timestamp":"2025-07-27T15:30:51.506Z"}
{"level":"info","message":"Server running on port 5000 in development mode","service":"stock-analysis-backend","timestamp":"2025-07-27T15:30:51.581Z"}
{"level":"warn","message":"⚠️  Running without database - some features may be limited","service":"stock-analysis-backend","timestamp":"2025-07-27T15:30:51.581Z"}
{"level":"warn","message":"⚠️  Using demo API keys - please configure real API keys for full functionality","service":"stock-analysis-backend","timestamp":"2025-07-27T15:30:51.581Z"}
{"level":"info","message":"GET /api/predictions/AAPL - ::1","service":"stock-analysis-backend","timestamp":"2025-07-27T15:31:04.762Z"}
{"level":"error","message":"Error getting predictions for AAPL:","service":"stock-analysis-backend","timestamp":"2025-07-27T15:31:04.769Z"}
{"level":"info","message":"GET /api/predictions/AAPL - ::1","service":"stock-analysis-backend","timestamp":"2025-07-27T15:31:17.615Z"}
{"level":"error","message":"Error getting predictions for AAPL:","service":"stock-analysis-backend","timestamp":"2025-07-27T15:31:17.618Z"}
{"level":"warn","message":"MongoDB connection failed:","service":"stock-analysis-backend","timestamp":"2025-07-27T15:31:21.579Z"}
{"level":"warn","message":"Running in fallback mode without database persistence","service":"stock-analysis-backend","timestamp":"2025-07-27T15:31:21.580Z"}
{"level":"warn","message":"Data will be stored in memory only","service":"stock-analysis-backend","timestamp":"2025-07-27T15:31:21.580Z"}
{"level":"info","message":"To fix this issue:","service":"stock-analysis-backend","timestamp":"2025-07-27T15:31:21.580Z"}
{"level":"info","message":"1. Install MongoDB: sudo apt-get install mongodb-org","service":"stock-analysis-backend","timestamp":"2025-07-27T15:31:21.580Z"}
{"level":"info","message":"2. Start MongoDB: sudo systemctl start mongod","service":"stock-analysis-backend","timestamp":"2025-07-27T15:31:21.580Z"}
{"level":"info","message":"3. Or use a cloud MongoDB service like MongoDB Atlas","service":"stock-analysis-backend","timestamp":"2025-07-27T15:31:21.580Z"}
{"level":"info","message":"GET /api/predictions/AAPL - ::1","service":"stock-analysis-backend","timestamp":"2025-07-27T15:31:23.460Z"}
{"level":"error","message":"Error getting predictions for AAPL:","service":"stock-analysis-backend","timestamp":"2025-07-27T15:31:23.464Z"}
{"level":"info","message":"GET /api/predictions/AAPL - ::1","service":"stock-analysis-backend","timestamp":"2025-07-27T15:31:59.754Z"}
{"level":"error","message":"Error getting predictions for AAPL:","service":"stock-analysis-backend","timestamp":"2025-07-27T15:31:59.756Z"}
{"level":"info","message":"GET /api/health - ::1","service":"stock-analysis-backend","timestamp":"2025-07-27T15:31:59.763Z"}
